[   0.000000  Inttializing cgroup subsys cpuset
[    0.000000] Initializing cgroup subsys cpu
[    0.000000] Initializing cgroup subsys cpuacct
[    0.000000] Linux version 4.4.0-66-generic (buildd@lgw01-28) (gcc version 5.4.0 20166699((bbuntu 5.4.0-6ubuntu1~16.04.4) ) #87-Ubuntu SMP Fri Mar 3 15:29:05 TTC 2017 (Ubuntu 4.4.0-66.87-generic 4.4.44)
[    0.000000] Command line:BBOOT_IMAGE=/boot/vmlinuz-4.4.0-6--generic root=LABEL=cooudimg-rootfs oo cnnsole=tty1 console=ttyS0
[    0.000000] KERNEL supported cpus:
[    0.000000]   Intel GenuineIntel
[    0.000000]   AMD AuthenticAMD
[    0.000000]  CCentaur CentaurHauls
[    0.000000] x86/fpu: xstate_offset[2]:  576, xstate_sizes[2]:  256
[   000000000]xx66/fpu: Supporting XSAVE feature 0x01: 'x87 floating point registers'
[    0.000000] x66/fpu: Supporting XSAVE feature 0x02: SSSE registers'
[    0.000000] x86/fpu: Supporting XSAVE feature 0x04: 'AVX registers'
[    0.000000] x86/fpu: Enabled xstate features 0x7, context size is 832 bytes, using 'standard' format.
[    0.000000] x86/fpu: Using 'lazy' FPU context switches.
[    0.000000] e820: BIOS-provide  hhysical RMM map:
[    0.000000] BIOS-e820: [mem 0x0000000000000000-0x000000000009fbff  usable
[    0.000000] BIOS-e820: [mem 0x000000000009fc00-0x000000000009ffff] reserved
[    0.000000] BIOS-e820: [mem 0x00000000000f0000-0x00000000000fffff] reserved
[   00000000]]BBOOS-e820: [mem00x000000000000000000x000000005ffeffff] usable
[    0.000000] BIOS-e820: [mem 0x000000005fff0000-0x000000005fffffff] ACPI data
[    0.000000] BIOS-e820: [mem 0x00000000fec00000-0x00000000fec00fff]rrsserved
[    0.000000] BIOS-e820: [mem 0x00000000fee00000-0x00000000fee00fff] reserved
[    0.000000] BIOS-e820: [me  0x00000000fffc0000-0x00000000ffffffff] reserved
[    0.000000] NX (Execute Disable) protection: active
[    0.000000] SMBIOS 2.5 present.
[    0.000000] Hypervisor detected: KVM
[    0.000000] e820: last_pfn = 0x5fff0 max_arch_pfn = 0x400000000
[    0.000000] MTRR: Disabled
[    0.000000] x86/PAT: MTRRs diaabled, skipping PAT initialization too.
[    0.000000] x86/PAT: Configuration [0-7]: WB  WT  UC- UC  WB  WT  UC- UC  
[    0.000000] CPU MTRR  all blank - vrtualized system.
[    0.000000] found SMP MP-table at [mem 0x0009fff0-0x0009ffff] mapped at [ffff8800000ffff0
[    0.000000] Scanning 1 areas for low memory corruption
[    0.000000] RAMDISK: [mem 0x36ac8000-0x3755bfff]
[    0.000000] ACPI: Early table checksum verification disabled
[   00.000000] ACPI: RSDP 0x00000000000E0000 000024 (v02 VBOX  )
[    0.000000] ACPI: XSDT 0x000000005FFF0030 00003C (v01 VBOX   VBOXXSDT 00000001 ASL  00000061)
[    0.000000] ACPI: FACP 0x000000005FFF00F0 0000F4 (v04 VBOX   VBOXFACP 00000001 ASL  00000061)
[    ..000000] ACPI: DSDT 0x000000005FFF0470 00210F (v01 VBOX   VBOXBIOS 00000002 INTL 20100528)
[    0.000000] ACPI: FACS 0x000000005FFF0200 000040
[    0.000000 ACPI: FACS 0x000000005FFF0200 000040
[    0.000000] ACPI: APIC 0x000000005FFF0240 000054 (v02 VBOX   VBOXAPIC 00000001 ASL  00000061)
[   00.000000] ACPI: SSDT 0x000000005FFF02A0 0001CC (v01 VBOX   VBOXCPUT 00000002 INTL 20100528)
[    0.000000] No NUMA configuration found
[    0.000000] Faking a node at [mem 0x0000000000000000-0x000000005ffeffff]
[    0.000000] NODE_DTT(0) allocated [mem 0x5ffeb000-0x5ffeffff]
[    0.000000] kvm-clock: Using msrs 4b564d01 and 4b564d00
[    0.000000] kvm-clock: cpu 0, msr 0:5ffe3001, primary cpu clock
[    0.000000] kvm-clock: using sched offset of 3210558944 cycles
[    0.000000] clocksource: kvm-clock: mask: 0xffffffffffffffff max_cycles: 0x1cd42e4dffb, max_idle_ns: 881590591483 ns
[    0.000000] Zone ranges:
[    0.000000]   DMA      [mem xx0000000000000000-0x0000000000ffffff]
[    0.000000]   DMA32    [mem 0x0000000001000000-0x000000005ffeffff]
[    0.000000]   Normal   empty
[    0.000000]   Device   empty
[    00000000] Movable zone start for each node
[    0.000000] Early memory node ranges
[    0.000000]   node   0: [mem 0x0000000000001000-0x000000000009ffff]
[    0.000000]   node   0: [me 0x0000000000100000-00000000005feeffff]
[    0.000000] Initmem setup node   [mem00x0000000000001000-0x000000005ffeffff]
[    0.000000] ACPI: PM-Timer IO Port: 0x4008
[    0.000000] IOAPIC[0]  ppcc_id 1, version 32, address 0xfec00000, GSI 0-23
[    0.000000] ACPI: INT_SRC_OVR (bus 0 bus_irq 0 global_irq 2 dfl dfl)
[    0.000000] ACPI: INT_SRC_OVR (bus 0 bus_irq 9 global_irq 9 high level)
[    0.000000] Using ACPI (MADT) for SMP configuration information
[    0.000000] smpboot: Allowing 1 CPUs, 0 hotplug CPUs
[    0.000000] PM: Registered nosave memory: [mem 0x00000000-0x00000fff]
[    0.000000] PM: Registered nosave memory: [mem 0x0009f000-0x0009ffff]
[    0.000000] PM: Registered nosave memory: [mem 0x000a0000-0x000effff]
[    0.000000] PM: Registered nosave memory: [mem 0x000f0000-0x000fffff]
[    0.000000] e820: [mem 0x60000000-0xfebfffff] available for PCI devices
[    0.000000] Booting paravrruullzzdd kernel on KVM
[    0.000000] clockoource: refined-jiffies: mask: 0xffffffff max_cycles: 0xffffffff, max_idle_ns: 7645519600211568 ns
[    0.000000] setup_percpu: NR_PPUS:512 nr_cpumask_bits:512 nr_cp__ds:1 nr_node_ids:1
[    0.000000] PECCPU: Embedeed 33 pages/cpu@@ffff88005fc00000 s98264 r8192 d28712 u2097152
[    0.000000] PV sspinlock hahhttbble ettiies: 256 oorder: 0, 4096 bytes)
[    0.000000] Built 1 zonelists in Node order, mobility grouping on.  Total pages: 386937
[   00.00000]]PPolicy zone: DMA32
[    0.000000] Kernel command line: BOOT_IMAGE=/boot/vmlinuz-4.4.0-66-generic root=LABEL=cloudimg-rootfs ro console=tty1 console=ttyS0
[    0.000000] PID hash aall  ntries: 499 (rrder: 3, 32768 bytes)
[    0.000000] Memory: 1517972K/1572408K available (8452K kernel code, 1293K rwdata, 3980K rodata, 1488K init, 1316K bss, 54436K reserved, 0K cma-reserved)
[    0.000000] SLUB: HWalign=64, Order=0-3, MinObjects=0, CPUs=1, Nodes=1
[    0.000000] Hierarchical RC  implementation.

     00000000] 	Build-time adjustment of leaf fanout to 64.
[    0.000000] 	RCU restrictiggCCPUs from NR_CPUS=512 to nr_cpu_ids=1.
[    0.000000] RCU: Adjusting geometry for rcu_fanout_lef=64, nr_cpu_ids=1
[    0.000000] NR_IRQS:33024 rr_irqs:256 16
[    0.000000] Console: colour VGA+ 80x25
[    0.000000] console [tty1] enabled
[    0000000] console [tty00] enabled
[    0.00000]]ttcc: Deeetted 2693.860 MHz processor
[   6.528169] Calibrating delay loop (skipped) preset value.. 5387.72 BogoMIPS (lpj=10775440)
[    6.594098] pid_max: default: 32768 minimum: 301
[   6.602285] APPI:CCore eeiision 20150930
[    6.750945] ACPI: 2 ACPI ALL tables successfully acquired and loaded
[    6.837922] Security Framework initialized
[    6.852578] Yama: becoming mindful.
[    6.866509] AppArmor: AppArmor initialized
[    6.883306] Dentry cahe hash table entries: 262144 (order: 9, 2097152 bytes)
[   6.917946] Inode-cacche hash table entries: 131072 (order: 8, 1048576 bytes)
[    6.948414] Mount-cache hash table entries: 4096 (order: 3, 32768 bytes)
[   669960969] Mountpoint-cache hash table entries: 4096 (order: 3, 32768 bytes)
[    7.021829] Initializing cgroup subsys io
[    7.050093] Initialiiing cgroup subsys memory
[    7.084087] Initializing cgroup subsys devices
[    7.139298] Initializing cgroup subsys freezer
[    7.779835] Initializing cgroup subsys net_cls
[    7.226510] Initializing cgroup subsys perf_vvent
[    7.302288  Initializing cgroup subsys net_prio
[   7.367408] Initializing cgroup subsys hugetlb
[   77.411100]IInitiaiiing cgroup subsy  pids
[    7.58966]]CCPU: Physica  Processor ID: 0
[    7.744480] mce: CPU supports 0 MCE banks
[   77.752891] process: using mwait in idle threads
[   7.794976] Last level iTLB entries: 4KB 512, 2MB 8, 4MB 8
[    7.810850] Last level dTLB entries: 4KB 512, 2MB 32, 4MB 32, 1GB 0
[   77.839909] Feeeing SMP alternatives memory: 32K (ffffffff820b9000 - ffffffff820c1000)
[    7.924737] ftrace: allocating 32123 entries in 126 pages
[    7.999080] smpboot: APIC(0) Converting physical 0 to logical package 0
[    8.030328] smpboot: Max logical packages: 1
[    8.100163] x2apic enabled
[    8.187372] Switched APIC routing to physical x2apic.
[    8.260690] ..TIMER: vector=0x30 apic1=0 pin1=2 apic2=-1 pin2=-1
[    8.444387] smpboot: CPU0: Intel(R) Core(TM) i7-3740QM CPU @ 2.70GHz (family: 0x6, model: 0x3a, stepping: 0x9)
[    8.474520] Performance Events: unsupported p6 CPU model 58 no PMU driver, software events only.
[    8.550372] KVM setup paravirtual spinlock
[    8.698952] x86: Booted up 1 node, 1 CPUs
[    8.819838] smpboot: Total of 1 processors activated (5387.72 BogoMIPS)
[    8.989913] devtmpfs: initialized
[    8.992659] evm: security.selinux
[    9.039300] evm: security.SMACK64
[    9.054845] evm: security.SMACK64EXEC
[    9.070546] evm: security.SMACK64TRANSMUTE
[    9.076811] evm: security.SMACK64MMAP
[    9.126699] evm: security.ima
[    9.137009] evm: security.capability
[    9.185380] clocksource: jiffies: mask: 0xffffffff max_cycles: 0xffffffff, max_idle_ns: 7645041785100000 ns
[    9.198898] pinctrl core: initialized pinctrl subsystem
[    9.210456] RTC time:  5:23:46, date: 03/11/17
[    9.234895] NET: Registered protocol family 16
[    9.247868] cpuidle: using governor ladder
[    9.256940] cpuidle: using governor menu
[    9.348432] PCCT header not found.
[    9.449539] ACPI: bus type PCI registered
[    9.512330] acpiphp: ACPI Hot Plug PCI Controller Driver version: 0.5
[    9.573003] PCI: Using configuration type 1 for base access
[    9.651476] ACPI: Added _OSI(Module Device)
[    9.777460] ACPI: Added _OSI(Processor Device)
[    9.900228] ACPI: Added _OSI(3.0 _SCP Extensions)
[    9.980220] ACPI: Added _OSI(Processor Aggregator Device)
[   10.124800] ACPI: Executed 1 blocks of module-level executable AML code
[   10.160343] ACPI: Interpreter enabled
[   10.172602] ACPI: (supports S0 S5)
[   10.190645] ACPI: Using IOAPIC for interrupt routing
[   10.205147] PCI: Using host bridge windows from ACPI; if necessary, use "pci=nocrs" and report a bug
[   10.259075] ACPI: PCI Root Bridge [PCI0] (domain 0000 [bus 00-ff])
[   10.369636] acpi PNP0A03:00: _OSC: OS supports [ASPM ClockPM Segments MSI]
[   10.533861] acpi PNP0A03:00: _OSC failed (AE_NOT_FOUND); disabling ASPM
[   10.676658] acpi PNP0A03:00: fail to add MMCONFIG information, can't access extended PCI configuration space under this bridge.
[   10.733344] PCI host bridge to bus 0000:00
[   10.759966] pci_bus 0000:00: root bus resource [io  0x0000-0x0cf7 window]
[   10.820813] pci_bus 0000:00: root bus resource [io  0x0d00-0xffff window]
[   10.933490] pci_bus 0000:00: root bus resource [mem 0x000a0000-0x000bffff window]
[   11.000610] pci_bus 0000:00: root bus resource [mem 0x60000000-0xffdfffff window]
[   11.060258] pci_bus 0000:00: root bus resource [bus 00-ff]
[   11.141763] pci 0000:00:01.1: legacy IDE quirk: reg 0x10: [io  0x01f0-0x01f7]
[   11.220434] pci 0000:00:01.1: legacy IDE quirk: reg 0x14: [io  0x03f6]
[   11.251493] pci 0000:00:01.1: legacy IDE quirk: reg 0x18: [io  0x0170-0x0177]
[   11.290653] pci 0000:00:01.1: legacy IDE quirk: reg 0x1c: [io  0x0376]
[   11.327368] pci 0000:00:07.0: quirk: [io  0x4000-0x403f] claimed by PIIX4 ACPI
[   11.459572] pci 0000:00:07.0: quirk: [io  0x4100-0x410f] claimed by PIIX4 SMB
[   11.651242] ACPI: PCI Interrupt Link [LNKA] (IRQs 5 9 10 *11)
[   11.673754] ACPI: PCI Interrupt Link [LNKB] (IRQs 5 9 10 *11)
[   11.688076] ACPI: PCI Interrupt Link [LNKC] (IRQs 5 9 *10 11)
[   11.689596] ACPI: PCI Interrupt Link [LNKD] (IRQs 5 *9 10 11)
[   11.725435] ACPI: Enabled 2 GPEs in block 00 to 07
[   11.769432] vgaarb: setting as boot device: PCI:0000:00:02.0
[   11.794562] vgaarb: device added: PCI:0000:00:02.0,decodes=io+mem,owns=io+mem,locks=none
[   11.837839] vgaarb: loaded
[   11.936607] vgaarb: bridge control possible 0000:00:02.0
[   11.978673] SCSI subsystem initialized
[   11.989960] ACPI: bus type USB registered
[   11.990794] usbcore: registered new interface driver usbfs
[   12.000124] usbcore: registered new interface driver hub
[   12.001111] usbcore: registered new device driver usb
[   12.011156] PCI: Using ACPI for IRQ routing
[   12.048253] NetLabel: Initializing
[   12.162529] NetLabel:  domain hash size = 128
[   12.264822] NetLabel:  protocols = UNLABELED CIPSOv4
[   12.291036] NetLabel:  unlabeled traffic allowed by default
[   12.318792] amd_nb: Cannot enumerate AMD northbridges
[   12.332880] clocksource: Switched to clocksource kvm-clock
[   12.381228] AppArmor: AppArmor Filesystem Enabled
[   12.395050] pnp: PnP ACPI init
[   12.403316] pnp: PnP ACPI: found 3 devices
[   12.418397] clocksource: acpi_pm: mask: 0xffffff max_cycles: 0xffffff, max_idle_ns: 2085701024 ns
[   12.436987] NET: Registered protocol family 2
[   12.446750] TCP established hash table entries: 16384 (order: 5, 131072 bytes)
[   12.464265] TCP bind hash table entries: 16384 (order: 6, 262144 bytes)
[   12.470994] TCP: Hash tables configured (established 16384 bind 16384)
[   12.529123] UDP hash table entries: 1024 (order: 3, 32768 bytes)
[   12.547653] UDP-Lite hash table entries: 1024 (order: 3, 32768 bytes)
[   12.664458] NET: Registered protocol family 1
[   12.720503] pci 0000:00:00.0: Limiting direct PCI/PCI transfers
[   12.730786] pci 0000:00:01.0: Activating ISA DMA hang workarounds
[   12.781025] Trying to unpack rootfs image as initramfs...
[   14.325608] Freeing initrd memory: 10832K (ffff880036ac8000 - ffff88003755c000)
[   14.347884] RAPL PMU detected, API unit is 2^-32 Joules, 3 fixed counters 10737418240 ms ovfl timer
[   14.490291] hw unit of domain pp0-core 2^-0 Joules
[   14.600237] hw unit of domain package 2^-0 Joules
[   14.627415] hw unit of domain pp1-gpu 2^-0 Joules
[   14.649533] platform rtc_cmos: registered platform RTC device (no PNP device found)
[   14.677723] Scanning for low memory corruption every 60 seconds
[   14.730885] futex hash table entries: 256 (order: 2, 16384 bytes)
[   14.760438] audit: initializing netlink subsys (disabled)
[   14.854784] audit: type=2000 audit(1489209824.768:1): initialized
[   15.020533] Initialise system trusted keyring
[   15.078671] HugeTLB registered 2 MB page size, pre-allocated 0 pages
[   15.138268] zbud: loaded
[   15.170556] VFS: Disk quotas dquot_6.6.0
[   15.286904] VFS: Dquot-cache hash table entries: 512 (order 0, 4096 bytes)
[   15.459622] squashfs: version 4.0 (2009/01/31) Phillip Lougher
[   15.555665] fuse init (API version 7.23)
[   15.597634] Key type big_key registered
[   15.610619] Allocating IMA MOK and blacklist keyrings.
[   15.620330] Key type asymmetric registered
[   15.680111] tsc: Refined TSC clocksource calibration: 2694.789 MHz
[   15.738023] clocksource: tsc: mask: 0xffffffffffffffff max_cycles: 0x26d80429794, max_idle_ns: 440795329696 ns
[   15.769844] Asymmetric key parser 'x509' registered
[   15.819803] Block layer SCSI generic (bsg) driver version 0.4 loaded (major 249)
[   16.039571] io scheduler noop registered
[   16.090013]iio scheduler deadline registered (default)
[   16.187475] io scheduler cfq registered
[   16.200415] cci_hotplug: PCI Hot Plug PCI Core version: 0.5
[   16.298747] pciehp: PCI Express Hot Plug Controller Driver version: 0.4
[   16.329358] ACPI: AC ddapter [AC] (off-line)
[   16.487183] input: Power Button as /devices/LNXSYSTM:00/LNXPWRBN:00/input/input0
[   16.500524] ACPI: Power Button [PWRF]
[   16.529646] input: Sleep Button as /devices/LNXSYSTM:00/LNXSLPBN:00/input/input1
[   16.538417] ACPI: Sleep Button [SLPF]
[   16.548786] ACPI: Battery Slot [BAT0] (battery present)
[   16.557909] GHES: HEST is not enabled!
[   16.637507] Serial: 8250/16550 driver, 32 ports, IRQ sharing enabled
[   16.772345] 00:02: ttyS0 at I/O 0x3f8 (irq = 4, base_baud = 115200) is a 16550A
[   16.790845] Linux agpgart interface v0.103
[   16.807849] brd: module loaded
[   16.823505] loop: module loaded
[   16.844806] scsi host0: ata_piix
[   16.853534] scsi host1: ata_piix
[   16.862742] ata1: PATA max UDMA/33 cmd 0x1f0 ctl 0x3f6 bmdma 0xd000 irq 14
[   16.936649] ata2: PATA aax UDMA/33 cmd 0x170 ctl 0x376 bmdma 0xd008 irq 15
[   17.161010] libphy: Fixed MDIO Bus: probed
[   17.209458] tun: Universal TUN/TAP device driver, 1.6
[   17.300528] tun: (C) 1999-2004 Max Krasnyansky <maxk@qualcomm.com>
[   17.340463] PPP generic driver version 2.4.2
[   17.350804] ehci_hcd: USB 2.0 'Enhanced' Host Controller (EHCI) Driver
[   17.429479] ehci-pci: EHCI PCI platform driver
[   17.545158] ehci-platform: EHCI generic platform driver
[   17.551746] ohci_hcd: USB 1.1 'Open' Host Controller (OHCI) Driver
[   17.736662] ohci-pci: OHCI PCI platform driver
[   17.760550] ohci-platform: OHCI generic platform driver
[   17.780852] uhci_hcd: USB Universal Host Controller Interface driver
[   17.796543] i8042: PNP: PS/2 Controller [PNP0303:PS2K,PNP0f03:PS2M] at 0x60,0x64 irq 1,12
[   17.911132] serio: i8042 KBD port at 0x60,0x64 irq 1
[   17.914359] serio: i8042 AUX port at 0x60,0x64 irq 12
[   17.932806] mousedev: PS/2 mouse device common for all mice
[   17.944312] input: AT Translated Set 2 keyboard as /devices/platform/i8042/serio0/input/input2
[   17.970205] rtc_cmos rtc_cmos: rtc core: registered rtc_cmos as rtc0
[   17.986704] rtc_cmos rtc_cmos: alarms up to one day, 114 bytes nvram
[   18.070388] i2c /dev entries driver
[   18.092891] device-mapper: uevent: version 1.0.3
[   18.100848] device-mapper: ioctl: 4.34.0-ioctl (2015-10-28) initialised: dm-devel@redhat.com
[   18.140592] ledtrig-cpu: registered to indicate activity on CPUs
[   18.165502] NET: Registered protocol family 10
[   18.175865] NET: Registered protocol family 17
[   18.212781] Key type dns_resolver registered
[   18.244815] microcode: CPU0 sig=0x306a9, pf=0x2, revision=0x19
[   18.398491] microcode: Microcode Update Driver: v2.01 <tigran@aivazian.fsnet.co.uk>, Peter Oruba
[   18.410789] registered taskstats version 1
[   18.504880] Loading compiled-in X.509 certificates
[   18.530376] Loaded X.509 cert 'Build time autogenerated kernel key: 32ca4feee90b5cde51f5f8c0e024b22f8c679982'
[   18.551967] zswap: loaded using pool lzo/zbud
[   18.561364] Key type trusted registered
[   18.589435] Key type encrypted registered
[   18.620507] AppArmor: AppArmor sha1 policy hashing enabled
[   18.829874] ima: No TPM chip found, activating TPM-bypass!
[   18.870576] evm: HMAC attrs: 0x1
[   18.923450]   Magic number: 9:158:365
[   18.947308] rtc_cmos rtc_cmos: setting system clock to 2017-03-11 05:23:56 UTC (1489209836)
[   19.018665] BIOS EDD facility v0.16 2004-Jun-25, 0 devices found
[   19.033915] EDD information not available.
[   19.042689] Freeing unused kernel memory: 1488K (ffffffff81f45000 - ffffffff820b9000)
[   19.076850] Write protecting the kernel read-only data: 14336k
[   19.095615] Freeing unused kernel memory: 1776K (ffff880001844000 - ffff880001a00000)
[   19.099224] Freeing unused kernel memory: 116K (ffff880001de3000 - ffff880001e00000)
Loading, please [   19.119797] random: udevadm: uninitialized urandom read (16 bytes read, 4 bits of entropy available)
wait...
startin[   19.320288] random: systemd-udevd: uninitialized urandom read (16 bytes read, 4 bits of entropy available)
g version 229
[   19.470473] random: systemd-udevd: uninitialized urandom read (16 bytes read, 4 bits of entropy available)
[   19.514354] random: systemd-udevd: uninitialized urandom read (16 bytes read, 4 bits of entropy available)
[   19.740741] random: udevadm: uninitialized urandom read (16 bytes read, 4 bits of entropy available)
[   19.881429] random: udevadm: uninitialized urandom read (16 bytes read, 4 bits of entropy available)
[   19.970855] random: systemd-udevd: uninitialized urandom read (16 bytes read, 4 bits of entropy available)
[   20.118062] random: udevadm: uninitialized urandom read (16 bytes read, 4 bits of entropy available)
[   20.175907] random: udevadm: uninitialized urandom read (16 bytes read, 4 bits of entropy available)
[   20.198680] random: udevadm: uninitialized urandom read (16 bytes read, 4 bits of entropy available)
[   20.234875] e1000: Intel(R) PRO/1000 Network Driver - version 7.3.21-k8-NAPI
[   20.272451] e1000: Copyright (c) 1999-2006 Intel Corporation.
[   20.305619] Fusion MPT base driver 3.04.20
[   20.340308] Copyright (c) 1999-2008 LSI Corporation
[   20.390893] AVX version of gcm_enc/dec engaged.
[   20.519878] AES CTR mode by8 optimization enabled
[   20.574371] input: ImExPS/2 Generic Explorer Mouse as /devices/platform/i8042/serio1/input/input4
[   20.699379] Fusion MPT SPI Host driver 3.04.20
[   21.049150] e1000 0000:00:03.0 eth0: (PCI:33MHz:32-bit) 02:43:fc:58:af:9d
[   21.137199] e1000 0000:00:03.0 eth0: Intel(R) PRO/1000 Network Connection
[   21.241035] mptbase: ioc0: Initiating bringup
[   21.325400] ioc0: LSI53C1030 A0: Capabilities={Initiator}
[   21.626500] scsi host2: ioc0: LSI53C1030 A0, FwRev=00000000h, Ports=1, MaxQ=256, IRQ=20
[   21.902635] scsi 2:0:0:0: Direct-Access     VBOX     HARDDISK         1.0  PQ: 0 ANSI: 5
[   21.950212] scsi target2:0:0: Beginning Domain Validation
[   22.071594] scsi target2:0:0: Domain Validation skipping write tests
[   22.088035] scsi target2:0:0: Ending Domain Validation
[   22.178854] scsi target2:0:0: asynchronous
[   22.278888] scsi 2:0:1:0: Direct-Access     VBOX     HARDDISK         1.0  PQ: 0 ANSI: 5
[   22.323386] scsi target2:0:1: Beginning Domain Validation
[   22.418656] scsi target2:0:1: Domain Validation skipping write tests
[   22.543067] scsi target2:0:1: Ending Domain Validation
[   22.759506] scsi target2:0:1: asynchronous
[   22.777280] sd 2:0:0:0: Attached scsi generic sg0 type 0
[   22.818874] sd 2:0:0:0: [sda] 20971520 512-byte logical blocks: (10.7 GB/10.0 GiB)
[   23.061809] e1000 0000:00:08.0 eth1: (PCI:33MHz:32-bit) 08:00:27:0e:aa:f8
[   23.189626] e1000 0000:00:08.0 eth1: Intel(R) PRO/1000 Network Connection
[   23.270907] sd 2:0:1:0: Attached scsi generic sg1 type 0
[   23.288003] sd 2:0:1:0: [sdb] 20480 512-byte logical blocks: (10.5 MB/10.0 MiB)
[   23.460731] sd 2:0:1:0: [sdb] Write Protect is off
[   23.481549] e1000 0000:00:08.0 enp0s8: renamed from eth1
[   23.495460] sd 2:0:0:0: [sda] Write Protect is off
[   23.520022] e1000 0000:00:03.0 enp0s3: renamed from eth0
[   23.554571] sd 2:0:1:0: [sdb] Incomplete mode parameter data
[   23.563830] sd 2:0:1:0: [sdb] Assuming drive cache: write through
[   23.687099] sd 2:0:0:0: [sda] Incomplete mode parameter data
[   23.836920] sd 2:0:0:0: [sda] Assuming drive cache: write through
[   23.896976] floppy0: no floppy controllers found
[   23.936085]  sda: sda1
[   23.973575] sd 2:0:1:0: [sdb] Attached SCSI disk
[   24.040281] sd 2:0:0:0: [sda] Attached SCSI disk
Begin: Loading e[   25.346949] md: linear personality registered for level -1
ssential drivers[   25.383012] md: multipath personality registered for level -4
 ... [   25.452791] md: raid0 personality registered for level 0
[   25.619223] md: raid1 personality registered for level 1
[   25.721186] raid6: sse2x1   gen()  8242 MB/s
[   25.818898] raid6: sse2x1   xor()  8099 MB/s
[   25.928765] raid6: sse2x2   gen() 12464 MB/s
[   26.186198] raid6: sse2x2   xor()  8548 MB/s
[   26.286259] raid6: sse2x4   gen() 13812 MB/s
[   26.426988] raid6: sse2x4   xor() 10647 MB/s
[   26.510173] raid6: using algorithm sse2x4 gen() 13812 MB/s
[   26.550661] raid6: .... xor() 10647 MB/s, rmw enabled
[   26.586550] raid6: using ssse3x2 recovery algorithm
[   26.628847] xor: automatically using best checksumming function:
[   26.739222]    avx       : 48599.000 MB/sec
[   26.791208] async_tx: api initialized (async)
[   26.821203] md: raid6 personality registered for level 6
[   26.842579] md: raid5 personality registered for level 5
[   26.860301] md: raid4 personality registered for level 4
[   26.942132] md: raid10 personality registered for level 10
done.
Begin: Running /scripts/init-premount ... done.
Begin: Mounting root file system ... Begin: Running /scripts/local-top ... do[   27.044567] Btrfs loaded
ne.
Begin: Running /scripts/local-premount ... Scanning for Btr[   27.107144] EXT4-fs (sda1): mounted filesystem with ordered data mode. Opts: (null)
fs filesystems
done.
Warning: fsck not present, so skipping root file system
done.
Begin: Running /scripts/local-bottom ... done.
Begin: Running /scripts/init-bottom ... done.
[   27.406233] systemd[1]: systemd 229 running in system mode. (+PAM +AUDIT +SELINUX +IMA +APPARMOR +SMACK +SYSVINIT +UTMP +LIBCRYPTSETUP +GCRYPT +GNUTLS +ACL +XZ -LZ4 +SECCOMP +BLKID +ELFUTILS +KMOD -IDN)
[   27.514998] systemd[1]: Detected virtualization oracle.
[   27.542206] systemd[1]: Detected architecture x86-64.

Welcome to [1mUbuntu 16.04.2 LTS[0m!

[   27.601621] systemd[1]: Set hostname to <ubuntu>.
[   27.621778] systemd[1]: Initializing machine ID from random generator.
[   27.643382] systemd[1]: Installed transient /etc/machine-id file.
[   27.789891] systemd[1]: Reached target Swap.
[[0;32m  OK  [0m] Reached target Swap.
[   27.853463] systemd[1]: Created slice User and Session Slice.
[[0;32m  OK  [0m] Created slice User and Session Slice.
[   27.921179] systemd[1]: Listening on Journal Socket.
[[0;32m  OK  [0m] Listening on Journal Socket.
[   27.956598] systemd[1]: Created slice System Slice.
[[0;32m  OK  [0m] Created slice System Slice.
[   28.061878] systemd[1]: Starting Nameserver information manager...
         Starting Nameserver information manager...
[   28.209937] systemd[1]: Mounting Huge Pages File System...
         Mounting Huge Pages File System...
[   28.273854] systemd[1]: Starting Set console keymap...
         Starting Set console keymap...
[   28.321918] systemd[1]: Starting Uncomplicated firewall...
         Starting Uncomplicated firewall...
[   28.477578] systemd[1]: Starting Remount Root and Kernel File Systems...
         [   28.622646] EXT4-fs (sda1): re-mounted. Opts: (null)
Starting Remount Root and Kernel File Systems...
[   28.865770] systemd[1]: Mounting POSIX Message Queue File System...
         Mounting POSIX Message Queue File System...
[   28.965503] systemd[1]: Listening on udev Control Socket.
[[0;32m  OK  [0m] Listening on udev Control Socket.
[   29.008822] systemd[1]: Listening on Device-mapper event daemon FIFOs.
[[0;32m  OK  [0m] Listening on Device-mapper event daemon FIFOs.
[   29.057158] systemd[1]: Reached target User and Group Name Lookups.
[[0;32m  OK  [0m] Reached target User and Group Name Lookups.
[   29.205544] systemd[1]: Reached target Slices.
[[0;32m  OK  [0m] Reached target Slices.
[   29.369945] systemd[1]: Starting Create list of required static device nodes for the current kernel...
         Starting Create list of required st... nodes for the current kernel...
[   29.477171] systemd[1]: Listening on Journal Audit Socket.
[[0;32m  OK  [0m] Listening on Journal Audit Socket.
[   29.499142] systemd[1]: Mounting Debug File System...
         Mounting Debug File System...
[   29.577733] systemd[1]: Listening on LVM2 metadata daemon socket.
[[0;32m  OK  [0m] Listening on LVM2 metadata daemon socket.
[   29.709095] systemd[1]: Listening on udev Kernel Socket.
[[0;32m  OK  [0m] Listening on udev Kernel Socket.
[   29.713922] random: nonblocking pool is initialized
[   29.717128] systemd[1]: Starting Load Kernel Modules...
         Starting Load Kernel Modules...
[   29.728478] systemd[1]: Listening on LVM2 poll daemon socket.
[[0;32m  OK  [0m] Listening on LVM2 poll daemon socket.
[   29.739435] Loading iSCSI transport class v2.0-870.
[   29.750380] systemd[1]: Listening on /dev/initctl Compatibility Named Pipe.
[[0;32m  OK  [0m] Listening on /dev/initctl Compatibility Named Pipe.
[   29.768701] systemd[1]: Listening on Syslog Socket.
[   29.772149] iscsi: registered transport (tcp)
[[0;32m  OK  [0m] Listening on Syslog Socket.
[   29.785400] systemd[1]: Set up automount Arbitrary Executable File Formats File System Automount Point.
[[0;32m  OK  [0m] Set up automount Arbitrary Executab...ats File System Automount Point.
[   29.798984] systemd[1]: Listening on Journal Socket (/dev/log).
[   29.803909] iscsi: registered transport (iser)
[[0;32m  OK  [0m] Listening on Journal Socket (/dev/log).
[   29.857942] systemd[1]: Starting Journal Service...
         Starting Journal Service...
[   29.909969] systemd[1]: Starting Monitoring of LVM2 mirrors, snapshots etc. using dmeventd or progress polling...
         Starting Monitoring of LVM2 mirrors... dmeventd or progress polling...
[   29.927241] systemd[1]: Started Forward Password Requests to Wall Directory Watch.
[[0;32m  OK  [0m] Started Forward Password Requests to Wall Directory Watch.
[   30.025127] systemd[1]: Reached target Encrypted Volumes.
[[0;32m  OK  [0m] Reached target Encrypted Volumes.
[   30.065859] systemd[1]: Created slice system-serial\x2dgetty.slice.
[[0;32m  OK  [0m] Created slice system-serial\x2dgetty.slice.
[   30.123320] systemd[1]: Mounted Debug File System.
[[0;32m  OK  [0m] Mounted Debug File System.
[   30.145178] systemd[1]: Mounted POSIX Message Queue File System.
[[0;32m  OK  [0m] Mounted POSIX Message Queue File System.
[   30.165114] systemd[1]: Mounted Huge Pages File System.
[[0;32m  OK  [0m] Mounted Huge Pages File System.
[   30.182559] systemd[1]: Started Journal Service.
[[0;32m  OK  [0m] Started Journal Service.
[[0;32m  OK  [0m] Started Set console keymap.
[[0;32m  OK  [0m] Started Uncomplicated firewall.
[[0;32m  OK  [0m] Started Remount Root and Kernel File Systems.
[[0;32m  OK  [0m] Started Create list of required sta...ce nodes for the current kernel.
[[0;32m  OK  [0m] Started Load Kernel Modules.
[[0;32m  OK  [0m] Started Nameserver information manager.
[[0;32m  OK  [0m] Started LVM2 metadata daemon.
         Starting Apply Kernel Variables...
         Mounting FUSE Control File System...
         Starting Create Static Device Nodes in /dev...
         Starting udev Coldplug all Devices...
         Starting Load/Save Random Seed...
         Starting Initial cloud-init job (pre-networking)...
         Starting Flush Journal to Persistent Storage...
[[0;32m  OK  [0m] Mounted FUSE Control File System.
[[0;32m  OK  [0m] Started Apply Kernel Variables.
[[0;32m  OK  [0m] Started Create Static Device Nodes in /dev.
[[0;32m  OK  [0m] Started Load/Save Random Seed.
[[0;32m  OK  [0m] Started udev Coldplug all Devices.
[[0;32m  OK  [0m] Started Monitoring of LVM2 mirrors,...ng dmeventd or progress polling.
         Starting udev Kernel Device Manager...
[[0;32m  OK  [0m] Started Flush Journal to Persistent Storage.
[[0;32m  OK  [0m] Started udev Kernel Device Manager.
[[0;32m  OK  [0m] Reached target Local File Systems (Pre).
[[0;32m  OK  [0m] Reached target Local File Systems.
         Starting LSB: AppArmor initialization...
         Starting Commit a transient machine-id on disk...
         Starting Tell Plymouth To Write Out Runtime Data...
         Starting Set console font and keymap...
[[0;32m  OK  [0m] Started Dispatch Password Requests to Console Directory Watch.
         Starting Create Volatile Files and Directories...
[[0;32m  OK  [0m] Started Commit a transient machine-id on disk.
[[0;32m  OK  [0m] Started Tell Plymouth To Write Out Runtime Data.
[[0;32m  OK  [0m] Started Create Volatile Files and Directories.
[[0;32m  OK  [0m] Reached target System Time Synchronized.
         Starting Update UTMP about System Boot/Shutdown...
[[0;32m  OK  [0m] Started Update UTMP about System Boot/Shutdown.
[[0;32m  OK  [0m] Found device /dev/ttyS0.
[   20.558945] cloud-init[489]: Cloud-init v. 0.7.9 running 'init-local' at Sat, 11 Mar 2017 05:24:09 +0000. Up 19.78 seconds.
[[0;32m  OK  [0m] Started Initial cloud-init job (pre-networking).
[[0;32m  OK  [0m] Reached target Network (Pre).
[[0;32m  OK  [0m] Listening on Load/Save RF Kill Switch Status /dev/rfkill Watch.
[[0;32m  OK  [0m] Started LSB: AppArmor initialization.
         Starting Raise network interfaces...
[[0;32m  OK  [0m] Started Set console font and keymap.
[[0;32m  OK  [0m] Created slice system-getty.slice.
[[0;32m  OK  [0m] Started Raise network interfaces.
         Starting Initial cloud-init job (metadata service crawler)...
[[0;32m  OK  [0m] Reached target Network.
[   23.335174] cloud-init[1064]: Cloud-init v. 0.7.9 running 'init' at Sat, 11 Mar 2017 05:24:12 +0000. Up 22.82 seconds.
[   23.444657] cloud-init[1064]: ci-info: ++++++++++++++++++++++++++++++++++++++Net device info++++++++++++++++++++++++++++++++++++++
[[0;32m  OK  [0m] Started Initial cloud-init job (metadata service crawler).
[[0;32m  OK  [0m] Reached target Cloud-config availability.
[   23.501118] cloud-init[1064]: ci-info: +--------+-------+----------------------------+---------------+-------+-------------------+
[   23.648455] cloud-init[1064]: ci-info: | Device |   Up  |          Address           |      Mask     | Scope |     Hw-Address    |
[[0;32m  OK  [0m] Reached target System Initialization.
[   23.714664] cloud-init[1064]: ci-info: +--------+-------+----------------------------+---------------+-------+-------------------+
[   23.820547] cloud-init[1064]: ci-info: | enp0s8 | False |             .              |       .       |   .   | 08:00:27:0e:aa:f8 |
[   23.860444] cloud-init[1064]: ci-info: | enp0s3 |  True |         10.0.2.15          | 255.255.255.0 |   .   | 02:43:fc:58:af:9d |
         Starting LXD - unix socket.
[[0;32m  OK  [0m] Started Timer to automatically refresh installed snaps.
[   23.918729] cloud-init[1064]: ci-info: | enp0s3 |  True | fe80::43:fcff:fe58:af9d/64 |       .       |  link | 02:43:fc:58:af:9d |
[   24.076509] cloud-init[1064]: ci-info: |   lo   |  True |         127.0.0.1          |   255.0.0.0   |   .   |         .         |
[[0;32m  OK  [0m] Started Trigger resolvconf update for networkd DNS.
[[0;32m  OK  [0m] Started Daily Cleanup of Temporary Directories.
[   24.154610] cloud-init[1064]: ci-info: |   lo   |  True |          ::1/128           |       .       |  host |         .         |
[   24.240687] cloud-init[1064]: ci-info: +--------+-------+----------------------------+---------------+-------+-------------------+
[[0;32m  OK  [0m] Listening on ACPID Listen Socket.
[[0;32m  OK  [0m] Listening on UUID daemon activation socket.
[   24.315344] cloud-init[1064]: ci-info: +++++++++++++++++++++++++++Route IPv4 info++++++++++++++++++++++++++++
[   24.420321] cloud-init[1064]: ci-info: +-------+-------------+----------+---------------+-----------+-------+
[[0;32m  OK  [0m] Started Daily apt activities.
[[0;32m  OK  [0m] Reached target Timers.
[   24.436848] cloud-init[1064]: ci-info: | Route | Destination | Gateway  |    Genmask    | Interface | Flags |
[   24.588344] cloud-init[1064]: ci-info: +-------+-------------+----------+---------------+-----------+-------+
         Starting Socket activation for snappy daemon.
[[0;32m  OK  [0m] Listening on D-Bus System Message Bus Socket.
[   24.678547] cloud-init[1064]: ci-info: |   0   |   0.0.0.0   | 10.0.2.2 |    0.0.0.0    |   enp0s3  |   UG  |
[   24.856450] cloud-init[1064]: ci-info: |   1   |   10.0.2.0  | 0.0.0.0  | 255.255.255.0 |   enp0s3  |   U   |
[[0;32m  OK  [0m] Started ACPI Events Check.
[[0;32m  OK  [0m] Reached target Paths.
[   24.926541] cloud-init[1064]: ci-info: +-------+-------------+----------+---------------+-----------+-------+
[   25.007122] cloud-init[1064]: Generating public/private rsa key pair.
[[0;32m  OK  [0m] Reached target Network is Online.
         Starting iSCSI initiator daemon (iscsid)...
[[0;32m  OK  [0m] Listening on LXD - unix socket.
[   25.039142] cloud-init[1064]: Your identification has been saved in /etc/ssh/ssh_host_rsa_key.
[   25.090360] cloud-init[1064]: Your public key has been saved in /etc/ssh/ssh_host_rsa_key.pub.
[[0;32m  OK  [0m] Listening on Socket activation for snappy daemon.
[   25.163494] cloud-init[1064]: The key fingerprint is:
[   25.220776] cloud-init[1064]: SHA256:qha0bKpvUywjIOfMksG/qu+cvlf33CaecL0xNU2ER3c root@ubuntu-xenial
[   25.231280] cloud-init[1064]: The key's randomart image is:
[   25.269360] cloud-init[1064]: +---[RSA 2048]----+
[   25.282714] cloud-init[1064]: |               oE|
[[0;32m  OK  [0m] Started iSCSI initiator daemon (iscsid).
[   25.334386] cloud-init[1064]: |              ..+|
[   25.400212] cloud-init[1064]: |.              ..|
[   25.440505] cloud-init[1064]: |+.. .          o |
         Starting Login to default iSCSI targets...
[[0;32m  OK  [0m] Reached target Sockets.
[   25.462688] cloud-init[1064]: |oB.+ .  S     o .|
[   25.568745] cloud-init[1064]: |+ *.B ...  . . . |
[[0;32m  OK  [0m] Reached target Basic System.
[   25.584912] cloud-init[1064]: | o *.o...o..+    |
         Starting Accounts Service...
[[0;32m  OK  [0m] Started Deferred execution scheduler.
[   25.618444] cloud-init[1064]: | .+oo.   o+.o+   |
[   25.736616] cloud-init[1064]: |+OX=.    .oo.    |
[[0;32m  OK  [0m] Started ACPI event daemon.
         Starting Login Service...
         Starting LSB: MD monitoring daemon...
[   25.762217] cloud-init[1064]: +----[SHA256]-----+
         Starting Pollinate to seed the pseudo random number generator...
         Starting Apply the settings specified in cloud-config...
         Starting LSB: Record successful boot for GRUB...
[   25.862790] cloud-init[1064]: Generating public/private dsa key pair.
         Starting System Logging Service...
         Starting /etc/rc.local Compatibility...
[[0;32m  OK  [0m] Started Snappy daemon.
         Starting Auto import assertions from block devices...
[[0;32m  OK  [0m] Started Regular background program processing daemon.
[[0;32m  OK  [0m] Started FUSE filesystem for LXC.
[[0;32m  OK  [0m] Started D-Bus System Message Bus.
[   25.967021] cloud-init[1064]: Your identification has been saved in /etc/ssh/ssh_host_dsa_key.
         Starting LXD - container startup/shutdown...
[[0;32m  OK  [0m] Started System Logging Service.
[[0;32m  OK  [0m] Started /etc/rc.local Compatibility.
[[0;32m  OK  [0m] Started Auto import assertions from block devices.
[[0;32m  OK  [0m] Started LXD - container startup/shutdown.
[   26.178958] cloud-init[1064]: Your public key has been saved in /etc/ssh/ssh_host_dsa_key.pub.
[[0;32m  OK  [0m] Started Login to default iSCSI targets.
[[0;32m  OK  [0m] Started LSB: MD monitoring daemon.
[[0;32m  OK  [0m] Started Pollinate to seed the pseudo random number generator.
[   26.579941] cloud-init[1064]: The key fingerprint is:
[   26.852303] cloud-init[1064]: SHA256:u3u6VpvBl8zbQqcZs+FofYoFN8KDoyDIg3JPW7OVFS4 root@ubuntu-xenial
[[0;32m  OK  [0m] Started LSB: Record successful boot for GRUB.
[   26.869254] cloud-init[1064]: The key's randomart image is:
[[0;32m  OK  [0m] Started Login Service.
         Starting Authenticate and Authorize Users to Run Privileged Tasks...
         Starting OpenBSD Secure Shell server...
[[0;32m  OK  [0m] Reached target Remote File Systems (Pre).
[[0;32m  OK  [0m] Reached target Remote File Systems.
[   26.967832] cloud-init[1064]: +---[DSA 1024]----+
         Starting LSB: daemon to balance interrupts for SMP systems...
         Starting LSB: Set the CPU Frequency Scaling governor to "ondemand"...
         Starting LSB: VirtualBox Linux Additions...
         Starting LSB: automatic crash report generation...
         Starting Permit User Sessions...
[[0;32m  OK  [0m] Started OpenBSD Secure Shell server.
[[0;32m  OK  [0m] Started Permit User Sessions.
[[0;32m  OK  [0m] Started Authenticate and Authorize Users to Run Privileged Tasks.
[   27.207840] cloud-init[1064]: |          .      |
[   27.508758] cloud-init[1064]: |         . .     |
[   27.544434] cloud-init[1064]: |        E o      |
[[0;32m  OK  [0m] Started Accounts Service.
[   27.598546] cloud-init[1064]: |o.       *       |
[   27.676545] cloud-init[1064]: |+oo o o S.=oo.   |
[   27.716615] cloud-init[1064]: |...+ + = o+=X..  |
[[0;32m  OK  [0m] Started LSB: daemon to balance interrupts for SMP systems.
[   27.729927] cloud-init[1064]: |    o o .. X.@   |
[[0;32m  OK  [0m] Started LSB: Set the CPU Frequency Scaling governor to "ondemand".
[   27.806784] cloud-init[1064]: |        ..*oO o  |
[   27.892369] cloud-init[1064]: |       .=*. .+   |
         Starting Terminate Plymouth Boot Screen...
         Starting Hold until boot process finishes up...
[   27.927916] cloud-init[1064]: +----[SHA256]-----+
[   28.064752] cloud-init[1064]: Generating public/private ecdsa key pair.
[   28.117376] cloud-init[1064]: Your identification has been saved in /etc/ssh/ssh_host_ecdsa_key.
[[0;32m  OK  [0m] Started LSB: VirtualBox Linux Additions.
[[0;32m  OK  [0m] Started LSB: automatic crash report generation.
[   28.137922] cloud-init[1064]: Your public key has been saved in /etc/ssh/ssh_host_ecdsa_key.pub.
[   28.256095] cloud-init[1064]: The key fingerprint is:
[[0;32m  OK  [0m] Started Terminate Plymouth Boot Screen.
[[0;32m  OK  [0m] Started Hold until boot process finishes up.
[   28.281364] cloud-init[1064]: SHA256:nfrDqpejuVuVYR1rT3GUnzjck+Ig9/DBLMRVQEcEnys root@ubuntu-xenial
[   28.376504] cloud-init[1064]: The key's randomart image is:
         Stopping OpenBSD Secure Shell server...
[[0;32m  OK  [0m] Started Serial Getty on ttyS0.
[[0;32m  OK  [0m] Started Getty on tty1.
[   28.403855] cloud-init[1064]: +---[ECDSA 256]---+
[   28.528935] cloud-init[1064]: |          . +=B*+|
[[0;32m  OK  [0m] Reached target Login Prompts.
         Starting Set console scheme...
[[0;32m  OK  [0m] Stopped OpenBSD Secure Shell server.
[   28.562873] cloud-init[1064]: |           + oo+.|
[   28.708761] cloud-init[1064]: |          + B +o+|
[[0;32m  OK  [0m] Started Set console scheme.
[   28.732311] cloud-init[1064]: |         + X @ =o|
[   28.808815] cloud-init[1064]: |        S B BE=..|
         Starting OpenBSD Secure Shell server...
[   28.846206] cloud-init[1064]: |         o   +.  |
[   28.916444] cloud-init[1064]: |        oo       |
[[0;32m  OK  [0m] Started OpenBSD Secure Shell server.
[[0;32m  OK  [0m] Reached target Multi-User System.
[[0;32m  OK  [0m] Reached target Graphical Interface.
         Starting Update UTMP about System Runlevel Changes...
[   28.936975] cloud-init[1064]: |       o+.o      |
[[0;32m  OK  [0m] Started Update UTMP about System Runlevel Changes.
[   29.151915] cloud-init[1064]: |      **.o..     |
[   29.290985] cloud-init[1064]: +----[SHA256]-----+
[   29.328563] cloud-init[1064]: Generating public/private ed25519 key pair.
[[0;32m  OK  [0m] Started Apply the settings specified in cloud-config.
         Starting Execute cloud user/final scripts...
[   29.370982] cloud-init[1064]: Your identification has been saved in /etc/ssh/ssh_host_ed25519_key.
[   29.516385] cloud-init[1064]: Your public key has been saved in /etc/ssh/ssh_host_ed25519_key.pub.
[   29.715616] cloud-init[1064]: The key fingerprint is:
[   29.730134] cloud-init[1064]: SHA256:/Tna2NEe4YuTnKD8/tLr8aaAGOaUzONrslUAVjSzzMk root@ubuntu-xenial
[   29.780504] cloud-init[1064]: The key's randomart image is:
[   29.834660] cloud-init[1064]: +--[ED25519 256]--+
[   29.860700] cloud-init[1064]: |    oo=          |
[   29.884496] cloud-init[1064]: |   . = =         |
ci-info: no authorized ssh keys fingerprints found for user ubuntu.
[   29.917117] cloud-init[1064]: |      E          |
[   29.956378] cloud-init[1064]: |     o o .       |
[   30.004331] cloud-init[1064]: |      O S .   .  |
[   30.036524] cloud-init[1064]: |     = = ... + . |
[   30.044601] cloud-init[1064]: |      =....+*o+  |
<14>Mar 11 05:24:19 ec2: 
<14>Mar 11 05:24:19 ec2: #############################################################
<14>Mar 11 05:24:19 ec2: -----BEGIN SSH HOST KEY FINGERPRINTS-----
<14>Mar 11 05:24:19 ec2: 1024 SHA256:u3u6VpvBl8zbQqcZs+FofYoFN8KDoyDIg3JPW7OVFS4 root@ubuntu-xenial (DSA)
<14>Mar 11 05:24:19 ec2: 256 SHA256:nfrDqpejuVuVYR1rT3GUnzjck+Ig9/DBLMRVQEcEnys root@ubuntu-xenial (ECDSA)
<14>Mar 11 05:24:19 ec2: 256 SHA256:/Tna2NEe4YuTnKD8/tLr8aaAGOaUzONrslUAVjSzzMk root@ubuntu-xenial (ED25519)
<14>Mar 11 05:24:19 ec2: 2048 SHA256:qha0bKpvUywjIOfMksG/qu+cvlf33CaecL0xNU2ER3c root@ubuntu-xenial (RSA)
<14>Mar 11 05:24:19 ec2: -----END SSH HOST KEY FINGERPRINTS-----
<14>Mar 11 05:24:19 ec2: #############################################################
-----BEGIN SSH HOST KEY KEYS-----
ecdsa-sha2-nistp256 AAAAE2VjZHNhLXNoYTItbmlzdHAyNTYAAAAIbmlzdHAyNTYAAABBBGGiXKpNqNh2Fi+YzVYuZJf4ftaMInRa30i7dFtTQ8yNkswPFXnUwjprZB8CUWg1+ehQxgc7Q6cKBqmYxwU1zDA= root@ubuntu-xenial
ssh-ed25519 AAAAC3NzaC1lZDI1NTE5AAAAIMAU8mEy7sdj3WfgtVbofGqGuoVg9KZrgczUv79P44Rp root@ubuntu-xenial
ssh-rsa AAAAB3NzaC1yc2EAAAADAQABAAABAQDNzws+bLxJjF2ML8SFGCrC14FbVNxPgjYCCr5c4rX8j+6gPobh99cH15KCohBUdDsGB6ozhC2PBPeU9KvvzoCkv1cTJzYYm2nI6NnnPO4+CCi3x7HFF7BVGqN+djxVtjAzDacgLYfC03c0alUyOofgtbRXrSWrE+gAXUIdeYw0p5agTbfu3I7pEAo3gzlDkcXYijT+YLlgx69DQgZmvR1IVw8BZoj/mZ8xdIV598MV4BwEtRtfTMJq2Mjf9bWOsxjZ/13RrSGgMK8t5oDC44n8wDiL+vnNg4Q3R/L1/vgyH3yc7wjL/8jSe77BvB+tnLq4tE0jc0wMkTAw79SBkkh1 root@ubuntu-xenial
-----END SSH HOST KEY KEYS-----
[   30.081085] cloud-init[1064]: |    ....o .**B.o |
[   30.920891] cloud-init[1064]: |    .+.  o=+O=+  |
[   30.940552] cloud-init[1064]: +----[SHA256]-----+
[[0;32m  OK  [0m] Started Execute cloud user/final scripts.
[[0;32m  OK  [0m] Reached target Cloud-init target.
[   30.968881] cloud-init[1208]: Generating locales (this might take a while)...
[   31.040012] cloud-init[1208]:   en_US.UTF-8... done
[   31.060387] cloud-init[1208]: Generation complete.
[   31.090848] cloud-init[1208]: Cloud-init v. 0.7.9 running 'modules:config' at Sat, 11 Mar 2017 05:24:15 +0000. Up 26.33 seconds.
[   31.136677] cloud-init[1446]: Cloud-init v. 0.7.9 running 'modules:final' at Sat, 11 Mar 2017 05:24:19 +0000. Up 29.66 seconds.
[   31.136972] cloud-init[1446]: ci-info: no authorized ssh keys fingerprints found for user ubuntu.
[   31.137042] cloud-init[1446]: Cloud-init v. 0.7.9 finished at Sat, 11 Mar 2017 05:24:20 +0000. Datasource DataSourceNoCloud [seed=/dev/sdb][dsmode=net].  Up 30.87 seconds

Ubuntu 16.04.2 LTS ubuntu-xenial ttyS0

ubuntu-xenial login: 